<?xml version="1.0" encoding="UTF-8"?>
<testng-results ignored="0" total="2" passed="2" failed="0" skipped="0">
  <reporter-output>
  </reporter-output>
  <suite started-at="2025-10-18T18:19:33 IST" name="Master Suite" finished-at="2025-10-18T18:19:47 IST" duration-ms="14074">
    <groups>
      <group name="Master">
        <method signature="TC001_AccountRegistrationTest.verify_account_registartion()[pri:0, instance:testCases.TC001_AccountRegistrationTest@6aecbb8d]" name="verify_account_registartion" class="testCases.TC001_AccountRegistrationTest"/>
        <method signature="TC002_LoginTest.verify_login()[pri:0, instance:testCases.TC002_LoginTest@fb9c7aa]" name="verify_login" class="testCases.TC002_LoginTest"/>
      </group> <!-- Master -->
      <group name="Sanity">
        <method signature="TC002_LoginTest.verify_login()[pri:0, instance:testCases.TC002_LoginTest@fb9c7aa]" name="verify_login" class="testCases.TC002_LoginTest"/>
      </group> <!-- Sanity -->
      <group name="Regression">
        <method signature="TC001_AccountRegistrationTest.verify_account_registartion()[pri:0, instance:testCases.TC001_AccountRegistrationTest@6aecbb8d]" name="verify_account_registartion" class="testCases.TC001_AccountRegistrationTest"/>
      </group> <!-- Regression -->
    </groups>
    <test started-at="2025-10-18T18:19:33 IST" name="Test" finished-at="2025-10-18T18:19:47 IST" duration-ms="14074">
      <class name="testCases.TC002_LoginTest">
        <test-method is-config="true" signature="setup(java.lang.String,java.lang.String)[pri:0, instance:testCases.TC002_LoginTest@fb9c7aa]" started-at="2025-10-18T18:19:41 IST" name="setup" finished-at="2025-10-18T18:19:44 IST" duration-ms="3142" status="PASS">
          <params>
            <param index="0">
              <value>
                <![CDATA[windows]]>
              </value>
            </param>
            <param index="1">
              <value>
                <![CDATA[chrome]]>
              </value>
            </param>
          </params>
          <reporter-output>
          </reporter-output>
        </test-method> <!-- setup -->
        <test-method signature="verify_login()[pri:0, instance:testCases.TC002_LoginTest@fb9c7aa]" started-at="2025-10-18T18:19:44 IST" name="verify_login" finished-at="2025-10-18T18:19:47 IST" duration-ms="2388" status="PASS">
          <reporter-output>
          </reporter-output>
        </test-method> <!-- verify_login -->
        <test-method is-config="true" signature="tearDown()[pri:0, instance:testCases.TC002_LoginTest@fb9c7aa]" started-at="2025-10-18T18:19:47 IST" name="tearDown" finished-at="2025-10-18T18:19:47 IST" duration-ms="295" status="PASS">
          <reporter-output>
          </reporter-output>
        </test-method> <!-- tearDown -->
      </class> <!-- testCases.TC002_LoginTest -->
      <class name="testCases.TC001_AccountRegistrationTest">
        <test-method is-config="true" signature="setup(java.lang.String,java.lang.String)[pri:0, instance:testCases.TC001_AccountRegistrationTest@6aecbb8d]" started-at="2025-10-18T18:19:33 IST" name="setup" finished-at="2025-10-18T18:19:38 IST" duration-ms="4760" status="PASS">
          <params>
            <param index="0">
              <value>
                <![CDATA[windows]]>
              </value>
            </param>
            <param index="1">
              <value>
                <![CDATA[chrome]]>
              </value>
            </param>
          </params>
          <reporter-output>
          </reporter-output>
        </test-method> <!-- setup -->
        <test-method signature="verify_account_registartion()[pri:0, instance:testCases.TC001_AccountRegistrationTest@6aecbb8d]" started-at="2025-10-18T18:19:38 IST" name="verify_account_registartion" finished-at="2025-10-18T18:19:41 IST" duration-ms="2826" status="PASS">
          <reporter-output>
          </reporter-output>
        </test-method> <!-- verify_account_registartion -->
        <test-method is-config="true" signature="tearDown()[pri:0, instance:testCases.TC001_AccountRegistrationTest@6aecbb8d]" started-at="2025-10-18T18:19:41 IST" name="tearDown" finished-at="2025-10-18T18:19:41 IST" duration-ms="344" status="PASS">
          <reporter-output>
          </reporter-output>
        </test-method> <!-- tearDown -->
      </class> <!-- testCases.TC001_AccountRegistrationTest -->
    </test> <!-- Test -->
  </suite> <!-- Master Suite -->
</testng-results>
